<?xml version="1.0" encoding="UTF-8"?>
<!-- Generated by org.testng.reporters.JUnitXMLReporter -->
<testsuite hostname="dcklj72" ignored="0" name="Command line test" tests="1" failures="1" timestamp="19 mar 2019 09:38:27 GMT" time="0.054" errors="0">
  <testcase name="shouldGoOnMainPage" time="0.011" classname="tests.MainPageTest">
    <failure type="java.lang.NullPointerException">
      <![CDATA[java.lang.NullPointerException
at core.SetUpTests.openMainPage(SetUpTests.java:28)
at tests.MainPageTest.shouldGoOnMainPage(MainPageTest.java:10)
... Removed 34 stack frames]]>
    </failure>
  </testcase> <!-- shouldGoOnMainPage -->
</testsuite> <!-- Command line test -->
